/home/ma1581/projects/chatFiles/Data/SampleFiles/ficStory.pdf document type is undefined.
/home/ma1581/projects/chatFiles/Data/SampleFiles/ficStory.pdf loading error: 
Document type is undefined
/home/ma1581/projects/chatFiles/Data/SampleFiles/wkfor.txt document type is undefined.
/home/ma1581/projects/chatFiles/Data/SampleFiles/ficStory.txt document type is undefined.
/home/ma1581/projects/chatFiles/Data/SampleFiles/wkfor.txt loading error: 
Document type is undefined
/home/ma1581/projects/chatFiles/Data/SampleFiles/ficStory.txt loading error: 
Document type is undefined
/home/ma1581/projects/chatFiles/Data/SampleFiles/EIE_PG_BMSPI_brochure March 2020.pdf document type is undefined.
/home/ma1581/projects/chatFiles/Data/SampleFiles/EIE_PG_BMSPI_brochure March 2020.pdf loading error: 
Document type is undefined
/home/ma1581/projects/chatFiles/Data/SampleFiles/ficStory.pdf document type is undefined.
/home/ma1581/projects/chatFiles/Data/SampleFiles/ficStory.txt document type is undefined.
/home/ma1581/projects/chatFiles/Data/SampleFiles/ficStory.pdf loading error: 
Document type is undefined
/home/ma1581/projects/chatFiles/Data/SampleFiles/ficStory.txt loading error: 
Document type is undefined
/home/ma1581/projects/chatFiles/Data/SampleFiles/EIE_PG_BMSPI_brochure March 2020.pdf document type is undefined.
/home/ma1581/projects/chatFiles/Data/SampleFiles/wkfor.txt document type is undefined.
/home/ma1581/projects/chatFiles/Data/SampleFiles/EIE_PG_BMSPI_brochure March 2020.pdf loading error: 
Document type is undefined
/home/ma1581/projects/chatFiles/Data/SampleFiles/wkfor.txt loading error: 
Document type is undefined
/home/ma1581/projects/chatFiles/Data/SampleFiles/ficStory.pdf document type is undefined.
/home/ma1581/projects/chatFiles/Data/SampleFiles/ficStory.pdf loading error: 
Document type is undefined
/home/ma1581/projects/chatFiles/Data/SampleFiles/wkfor.txt document type is undefined.
/home/ma1581/projects/chatFiles/Data/SampleFiles/EIE_PG_BMSPI_brochure March 2020.pdf document type is undefined.
/home/ma1581/projects/chatFiles/Data/SampleFiles/ficStory.txt document type is undefined.
/home/ma1581/projects/chatFiles/Data/SampleFiles/EIE_PG_BMSPI_brochure March 2020.pdf loading error: 
Document type is undefined
/home/ma1581/projects/chatFiles/Data/SampleFiles/wkfor.txt loading error: 
Document type is undefined
/home/ma1581/projects/chatFiles/Data/SampleFiles/ficStory.txt loading error: 
Document type is undefined
/home/ma1581/projects/chatFiles/Data/SampleFiles/ficStory.pdf loaded.
/home/ma1581/projects/chatFiles/Data/SampleFiles/ficStory.txt loaded.
/home/ma1581/projects/chatFiles/Data/SampleFiles/EIE_PG_BMSPI_brochure March 2020.pdf loaded.
/home/ma1581/projects/chatFiles/Data/SampleFiles/wkfor.txt loaded.
/home/ma1581/projects/chatFiles/Data/SampleFiles/ficStory.txt loading error: 
'str' object has no attribute 'load'
/home/ma1581/projects/chatFiles/Data/SampleFiles/wkfor.txt loading error: 
'str' object has no attribute 'load'
/home/ma1581/projects/chatFiles/Data/SampleFiles/ficStory.pdf loading error: 
'str' object has no attribute 'load'
/home/ma1581/projects/chatFiles/Data/SampleFiles/EIE_PG_BMSPI_brochure March 2020.pdf loading error: 
'str' object has no attribute 'load'
/home/ma1581/projects/chatFiles/Data/SampleFiles/wkfor.txt loaded.
/home/ma1581/projects/chatFiles/Data/SampleFiles/ficStory.pdf loaded.
/home/ma1581/projects/chatFiles/Data/SampleFiles/ficStory.txt loaded.
/home/ma1581/projects/chatFiles/Data/SampleFiles/EIE_PG_BMSPI_brochure March 2020.pdf loaded.
/home/ma1581/projects/chatFiles/Data/SampleFiles/EIE_PG_BMSPI_brochure March 2020.pdf loading error: 
`pdfminer` package not found, please install it with `pip install pdfminer.six`
/home/ma1581/projects/chatFiles/Data/SampleFiles/ficStory.pdf loading error: 
`pdfminer` package not found, please install it with `pip install pdfminer.six`
/home/ma1581/projects/chatFiles/Data/SampleFiles/ficStory.pdf loaded.
/home/ma1581/projects/chatFiles/Data/SampleFiles/EIE_PG_BMSPI_brochure March 2020.pdf loaded.
/home/ma1581/projects/chatFiles/Data/SampleFiles/wkfor.txt loaded.
/home/ma1581/projects/chatFiles/Data/SampleFiles/ficStory.txt loaded.
/home/ma1581/projects/chatFiles/Data/SampleFiles/ficStory.pdf loaded.
/home/ma1581/projects/chatFiles/Data/SampleFiles/EIE_PG_BMSPI_brochure March 2020.pdf loaded.
/home/ma1581/projects/chatFiles/Data/SampleFiles/wkfor.txt loaded.
/home/ma1581/projects/chatFiles/Data/SampleFiles/ficStory.txt loaded.
/home/ma1581/projects/chatFiles/Data/SampleFiles/ficStory.pdf loaded.
/home/ma1581/projects/chatFiles/Data/SampleFiles/EIE_PG_BMSPI_brochure March 2020.pdf loaded.
/home/ma1581/projects/chatFiles/Data/SampleFiles/ficStory.txt loaded.
/home/ma1581/projects/chatFiles/Data/SampleFiles/wkfor.txt loaded.
/home/ma1581/projects/chatFiles/Data/SampleFiles/ficStory.pdf loaded.
/home/ma1581/projects/chatFiles/Data/SampleFiles/EIE_PG_BMSPI_brochure March 2020.pdf loaded.
/home/ma1581/projects/chatFiles/Data/SampleFiles/wkfor.txt loaded.
/home/ma1581/projects/chatFiles/Data/SampleFiles/ficStory.txt loaded.
/home/ma1581/projects/chatFiles/Data/SampleFiles/ficStory.txt loaded.
/home/ma1581/projects/chatFiles/Data/SampleFiles/wkfor.txt loaded.
/home/ma1581/projects/chatFiles/Data/SampleFiles/EIE_PG_BMSPI_brochure March 2020.pdf loaded.
/home/ma1581/projects/chatFiles/Data/SampleFiles/ficStory.pdf loaded.
/home/ma1581/projects/chatFiles/Data/SampleFiles/ficStory.pdf loaded.
/home/ma1581/projects/chatFiles/Data/SampleFiles/ficStory.txt loaded.
/home/ma1581/projects/chatFiles/Data/SampleFiles/wkfor.txt loaded.
/home/ma1581/projects/chatFiles/Data/SampleFiles/EIE_PG_BMSPI_brochure March 2020.pdf loaded.
/home/ma1581/projects/chatFiles/Data/SampleFiles/ficStory.txt loaded.
/home/ma1581/projects/chatFiles/Data/SampleFiles/ficStory.pdf loaded.
/home/ma1581/projects/chatFiles/Data/SampleFiles/EIE_PG_BMSPI_brochure March 2020.pdf loaded.
/home/ma1581/projects/chatFiles/Data/SampleFiles/wkfor.txt loaded.
/home/ma1581/projects/chatFiles/Data/TempFiles/ficStory.txt loaded.
/home/ma1581/projects/chatFiles/Data/TempFiles/ficStory.txt loaded.
/home/ma1581/projects/chatFiles/Data/TempFiles/ficStory.txt loaded.
